{"/home/maksim/simple-crud-api/app.js": {"path":"/home/maksim/simple-crud-api/app.js","statementMap":{"0":{"start":{"line":1,"column":13},"end":{"line":1,"column":28}},"1":{"start":{"line":8,"column":4},"end":{"line":8,"column":45}},"2":{"start":{"line":10,"column":0},"end":{"line":10,"column":27}},"3":{"start":{"line":12,"column":15},"end":{"line":48,"column":2}},"4":{"start":{"line":13,"column":2},"end":{"line":47,"column":3}},"5":{"start":{"line":15,"column":4},"end":{"line":43,"column":5}},"6":{"start":{"line":16,"column":6},"end":{"line":16,"column":27}},"7":{"start":{"line":17,"column":11},"end":{"line":43,"column":5}},"8":{"start":{"line":18,"column":17},"end":{"line":18,"column":38}},"9":{"start":{"line":19,"column":6},"end":{"line":22,"column":37}},"10":{"start":{"line":20,"column":8},"end":{"line":20,"column":67}},"11":{"start":{"line":21,"column":8},"end":{"line":21,"column":60}},"12":{"start":{"line":22,"column":13},"end":{"line":22,"column":37}},"13":{"start":{"line":23,"column":11},"end":{"line":43,"column":5}},"14":{"start":{"line":27,"column":17},"end":{"line":27,"column":38}},"15":{"start":{"line":28,"column":6},"end":{"line":31,"column":40}},"16":{"start":{"line":29,"column":8},"end":{"line":29,"column":67}},"17":{"start":{"line":30,"column":8},"end":{"line":30,"column":60}},"18":{"start":{"line":31,"column":13},"end":{"line":31,"column":40}},"19":{"start":{"line":32,"column":11},"end":{"line":43,"column":5}},"20":{"start":{"line":33,"column":17},"end":{"line":33,"column":38}},"21":{"start":{"line":34,"column":6},"end":{"line":37,"column":40}},"22":{"start":{"line":35,"column":8},"end":{"line":35,"column":67}},"23":{"start":{"line":36,"column":8},"end":{"line":36,"column":60}},"24":{"start":{"line":37,"column":13},"end":{"line":37,"column":40}},"25":{"start":{"line":38,"column":11},"end":{"line":43,"column":5}},"26":{"start":{"line":39,"column":6},"end":{"line":39,"column":29}},"27":{"start":{"line":41,"column":6},"end":{"line":41,"column":65}},"28":{"start":{"line":42,"column":6},"end":{"line":42,"column":62}},"29":{"start":{"line":45,"column":4},"end":{"line":45,"column":63}},"30":{"start":{"line":46,"column":4},"end":{"line":46,"column":57}},"31":{"start":{"line":50,"column":13},"end":{"line":50,"column":37}},"32":{"start":{"line":52,"column":0},"end":{"line":54,"column":3}},"33":{"start":{"line":53,"column":2},"end":{"line":53,"column":49}},"34":{"start":{"line":56,"column":0},"end":{"line":56,"column":24}}},"fnMap":{"0":{"name":"(anonymous_0)","decl":{"start":{"line":12,"column":33},"end":{"line":12,"column":34}},"loc":{"start":{"line":12,"column":53},"end":{"line":48,"column":1}},"line":12},"1":{"name":"(anonymous_1)","decl":{"start":{"line":52,"column":20},"end":{"line":52,"column":21}},"loc":{"start":{"line":52,"column":26},"end":{"line":54,"column":1}},"line":52}},"branchMap":{"0":{"loc":{"start":{"line":15,"column":4},"end":{"line":43,"column":5}},"type":"if","locations":[{"start":{"line":15,"column":4},"end":{"line":43,"column":5}},{"start":{"line":17,"column":11},"end":{"line":43,"column":5}}],"line":15},"1":{"loc":{"start":{"line":15,"column":8},"end":{"line":15,"column":53}},"type":"binary-expr","locations":[{"start":{"line":15,"column":8},"end":{"line":15,"column":29}},{"start":{"line":15,"column":33},"end":{"line":15,"column":53}}],"line":15},"2":{"loc":{"start":{"line":17,"column":11},"end":{"line":43,"column":5}},"type":"if","locations":[{"start":{"line":17,"column":11},"end":{"line":43,"column":5}},{"start":{"line":23,"column":11},"end":{"line":43,"column":5}}],"line":17},"3":{"loc":{"start":{"line":17,"column":15},"end":{"line":17,"column":75}},"type":"binary-expr","locations":[{"start":{"line":17,"column":15},"end":{"line":17,"column":51}},{"start":{"line":17,"column":55},"end":{"line":17,"column":75}}],"line":17},"4":{"loc":{"start":{"line":19,"column":6},"end":{"line":22,"column":37}},"type":"if","locations":[{"start":{"line":19,"column":6},"end":{"line":22,"column":37}},{"start":{"line":22,"column":13},"end":{"line":22,"column":37}}],"line":19},"5":{"loc":{"start":{"line":23,"column":11},"end":{"line":43,"column":5}},"type":"if","locations":[{"start":{"line":23,"column":11},"end":{"line":43,"column":5}},{"start":{"line":32,"column":11},"end":{"line":43,"column":5}}],"line":23},"6":{"loc":{"start":{"line":24,"column":6},"end":{"line":25,"column":29}},"type":"binary-expr","locations":[{"start":{"line":24,"column":6},"end":{"line":24,"column":42}},{"start":{"line":25,"column":6},"end":{"line":25,"column":29}}],"line":24},"7":{"loc":{"start":{"line":28,"column":6},"end":{"line":31,"column":40}},"type":"if","locations":[{"start":{"line":28,"column":6},"end":{"line":31,"column":40}},{"start":{"line":31,"column":13},"end":{"line":31,"column":40}}],"line":28},"8":{"loc":{"start":{"line":32,"column":11},"end":{"line":43,"column":5}},"type":"if","locations":[{"start":{"line":32,"column":11},"end":{"line":43,"column":5}},{"start":{"line":38,"column":11},"end":{"line":43,"column":5}}],"line":32},"9":{"loc":{"start":{"line":32,"column":15},"end":{"line":32,"column":75}},"type":"binary-expr","locations":[{"start":{"line":32,"column":15},"end":{"line":32,"column":51}},{"start":{"line":32,"column":55},"end":{"line":32,"column":75}}],"line":32},"10":{"loc":{"start":{"line":34,"column":6},"end":{"line":37,"column":40}},"type":"if","locations":[{"start":{"line":34,"column":6},"end":{"line":37,"column":40}},{"start":{"line":37,"column":13},"end":{"line":37,"column":40}}],"line":34},"11":{"loc":{"start":{"line":38,"column":11},"end":{"line":43,"column":5}},"type":"if","locations":[{"start":{"line":38,"column":11},"end":{"line":43,"column":5}},{"start":{"line":40,"column":11},"end":{"line":43,"column":5}}],"line":38},"12":{"loc":{"start":{"line":38,"column":15},"end":{"line":38,"column":61}},"type":"binary-expr","locations":[{"start":{"line":38,"column":15},"end":{"line":38,"column":36}},{"start":{"line":38,"column":40},"end":{"line":38,"column":61}}],"line":38},"13":{"loc":{"start":{"line":50,"column":13},"end":{"line":50,"column":37}},"type":"binary-expr","locations":[{"start":{"line":50,"column":13},"end":{"line":50,"column":29}},{"start":{"line":50,"column":33},"end":{"line":50,"column":37}}],"line":50}},"s":{"0":1,"1":1,"2":1,"3":1,"4":4,"5":4,"6":1,"7":3,"8":1,"9":1,"10":0,"11":0,"12":1,"13":2,"14":0,"15":0,"16":0,"17":0,"18":0,"19":2,"20":1,"21":1,"22":0,"23":0,"24":1,"25":1,"26":1,"27":0,"28":0,"29":0,"30":0,"31":1,"32":1,"33":1,"34":1},"f":{"0":4,"1":1},"b":{"0":[1,3],"1":[4,2],"2":[1,2],"3":[3,2],"4":[0,1],"5":[0,2],"6":[2,1],"7":[0,0],"8":[1,1],"9":[2,1],"10":[0,1],"11":[1,0],"12":[1,1],"13":[1,0]},"_coverageSchema":"1a1c01bbd47fc00a2c39e90264f33305004495a9","hash":"5a35e8ab294a1d94ee7e1d0fc6d558897a0a6534"}
,"/home/maksim/simple-crud-api/utils.js": {"path":"/home/maksim/simple-crud-api/utils.js","statementMap":{"0":{"start":{"line":1,"column":11},"end":{"line":1,"column":24}},"1":{"start":{"line":4,"column":2},"end":{"line":8,"column":5}},"2":{"start":{"line":5,"column":4},"end":{"line":7,"column":5}},"3":{"start":{"line":6,"column":6},"end":{"line":6,"column":23}},"4":{"start":{"line":12,"column":2},"end":{"line":24,"column":5}},"5":{"start":{"line":13,"column":4},"end":{"line":23,"column":5}},"6":{"start":{"line":14,"column":17},"end":{"line":14,"column":19}},"7":{"start":{"line":15,"column":6},"end":{"line":17,"column":9}},"8":{"start":{"line":16,"column":8},"end":{"line":16,"column":33}},"9":{"start":{"line":18,"column":6},"end":{"line":20,"column":9}},"10":{"start":{"line":19,"column":8},"end":{"line":19,"column":22}},"11":{"start":{"line":22,"column":6},"end":{"line":22,"column":20}},"12":{"start":{"line":27,"column":0},"end":{"line":30,"column":2}}},"fnMap":{"0":{"name":"writeDataToFile","decl":{"start":{"line":3,"column":9},"end":{"line":3,"column":24}},"loc":{"start":{"line":3,"column":44},"end":{"line":9,"column":1}},"line":3},"1":{"name":"(anonymous_1)","decl":{"start":{"line":4,"column":62},"end":{"line":4,"column":63}},"loc":{"start":{"line":4,"column":71},"end":{"line":8,"column":3}},"line":4},"2":{"name":"getPostData","decl":{"start":{"line":11,"column":9},"end":{"line":11,"column":20}},"loc":{"start":{"line":11,"column":26},"end":{"line":25,"column":1}},"line":11},"3":{"name":"(anonymous_3)","decl":{"start":{"line":12,"column":21},"end":{"line":12,"column":22}},"loc":{"start":{"line":12,"column":42},"end":{"line":24,"column":3}},"line":12},"4":{"name":"(anonymous_4)","decl":{"start":{"line":15,"column":21},"end":{"line":15,"column":22}},"loc":{"start":{"line":15,"column":32},"end":{"line":17,"column":7}},"line":15},"5":{"name":"(anonymous_5)","decl":{"start":{"line":18,"column":20},"end":{"line":18,"column":21}},"loc":{"start":{"line":18,"column":26},"end":{"line":20,"column":7}},"line":18}},"branchMap":{"0":{"loc":{"start":{"line":5,"column":4},"end":{"line":7,"column":5}},"type":"if","locations":[{"start":{"line":5,"column":4},"end":{"line":7,"column":5}},{"start":{},"end":{}}],"line":5}},"s":{"0":1,"1":0,"2":0,"3":0,"4":2,"5":2,"6":2,"7":2,"8":2,"9":2,"10":2,"11":0,"12":1},"f":{"0":0,"1":0,"2":2,"3":2,"4":2,"5":2},"b":{"0":[0,0]},"_coverageSchema":"1a1c01bbd47fc00a2c39e90264f33305004495a9","hash":"a2f14350296f510caad8d37fac093df19b9d7ba6"}
,"/home/maksim/simple-crud-api/controllers/personController.js": {"path":"/home/maksim/simple-crud-api/controllers/personController.js","statementMap":{"0":{"start":{"line":1,"column":15},"end":{"line":1,"column":47}},"1":{"start":{"line":3,"column":24},"end":{"line":3,"column":43}},"2":{"start":{"line":6,"column":4},"end":{"line":13,"column":5}},"3":{"start":{"line":7,"column":24},"end":{"line":7,"column":46}},"4":{"start":{"line":9,"column":8},"end":{"line":9,"column":66}},"5":{"start":{"line":10,"column":8},"end":{"line":10,"column":40}},"6":{"start":{"line":12,"column":8},"end":{"line":12,"column":26}},"7":{"start":{"line":17,"column":4},"end":{"line":30,"column":5}},"8":{"start":{"line":18,"column":27},"end":{"line":18,"column":52}},"9":{"start":{"line":19,"column":30},"end":{"line":19,"column":58}},"10":{"start":{"line":21,"column":8},"end":{"line":27,"column":9}},"11":{"start":{"line":22,"column":12},"end":{"line":22,"column":71}},"12":{"start":{"line":23,"column":12},"end":{"line":23,"column":84}},"13":{"start":{"line":25,"column":12},"end":{"line":25,"column":70}},"14":{"start":{"line":26,"column":12},"end":{"line":26,"column":65}},"15":{"start":{"line":29,"column":8},"end":{"line":29,"column":26}},"16":{"start":{"line":34,"column":4},"end":{"line":53,"column":5}},"17":{"start":{"line":35,"column":21},"end":{"line":35,"column":43}},"18":{"start":{"line":37,"column":48},"end":{"line":37,"column":64}},"19":{"start":{"line":39,"column":8},"end":{"line":42,"column":9}},"20":{"start":{"line":40,"column":12},"end":{"line":40,"column":70}},"21":{"start":{"line":41,"column":12},"end":{"line":41,"column":63}},"22":{"start":{"line":44,"column":23},"end":{"line":44,"column":54}},"23":{"start":{"line":46,"column":26},"end":{"line":46,"column":53}},"24":{"start":{"line":48,"column":8},"end":{"line":48,"column":66}},"25":{"start":{"line":49,"column":8},"end":{"line":49,"column":49}},"26":{"start":{"line":52,"column":8},"end":{"line":52,"column":26}},"27":{"start":{"line":57,"column":4},"end":{"line":84,"column":5}},"28":{"start":{"line":58,"column":23},"end":{"line":58,"column":48}},"29":{"start":{"line":60,"column":8},"end":{"line":79,"column":9}},"30":{"start":{"line":61,"column":12},"end":{"line":61,"column":70}},"31":{"start":{"line":62,"column":12},"end":{"line":62,"column":68}},"32":{"start":{"line":64,"column":25},"end":{"line":64,"column":47}},"33":{"start":{"line":66,"column":52},"end":{"line":66,"column":68}},"34":{"start":{"line":68,"column":31},"end":{"line":73,"column":13}},"35":{"start":{"line":75,"column":30},"end":{"line":75,"column":65}},"36":{"start":{"line":77,"column":12},"end":{"line":77,"column":70}},"37":{"start":{"line":78,"column":12},"end":{"line":78,"column":53}},"38":{"start":{"line":83,"column":8},"end":{"line":83,"column":26}},"39":{"start":{"line":89,"column":4},"end":{"line":102,"column":5}},"40":{"start":{"line":90,"column":23},"end":{"line":90,"column":48}},"41":{"start":{"line":92,"column":8},"end":{"line":99,"column":9}},"42":{"start":{"line":93,"column":12},"end":{"line":93,"column":70}},"43":{"start":{"line":94,"column":12},"end":{"line":94,"column":83}},"44":{"start":{"line":96,"column":12},"end":{"line":96,"column":35}},"45":{"start":{"line":97,"column":12},"end":{"line":97,"column":70}},"46":{"start":{"line":98,"column":12},"end":{"line":98,"column":72}},"47":{"start":{"line":101,"column":8},"end":{"line":101,"column":26}},"48":{"start":{"line":105,"column":0},"end":{"line":111,"column":1}}},"fnMap":{"0":{"name":"getPersons","decl":{"start":{"line":5,"column":15},"end":{"line":5,"column":25}},"loc":{"start":{"line":5,"column":36},"end":{"line":14,"column":1}},"line":5},"1":{"name":"getPerson","decl":{"start":{"line":16,"column":15},"end":{"line":16,"column":24}},"loc":{"start":{"line":16,"column":39},"end":{"line":31,"column":1}},"line":16},"2":{"name":"createPerson","decl":{"start":{"line":33,"column":15},"end":{"line":33,"column":27}},"loc":{"start":{"line":33,"column":38},"end":{"line":54,"column":1}},"line":33},"3":{"name":"updatePerson","decl":{"start":{"line":56,"column":15},"end":{"line":56,"column":27}},"loc":{"start":{"line":56,"column":42},"end":{"line":85,"column":1}},"line":56},"4":{"name":"deletePerson","decl":{"start":{"line":88,"column":15},"end":{"line":88,"column":27}},"loc":{"start":{"line":88,"column":42},"end":{"line":103,"column":1}},"line":88}},"branchMap":{"0":{"loc":{"start":{"line":21,"column":8},"end":{"line":27,"column":9}},"type":"if","locations":[{"start":{"line":21,"column":8},"end":{"line":27,"column":9}},{"start":{"line":24,"column":15},"end":{"line":27,"column":9}}],"line":21},"1":{"loc":{"start":{"line":21,"column":11},"end":{"line":21,"column":40}},"type":"binary-expr","locations":[{"start":{"line":21,"column":11},"end":{"line":21,"column":22}},{"start":{"line":21,"column":26},"end":{"line":21,"column":40}}],"line":21},"2":{"loc":{"start":{"line":26,"column":35},"end":{"line":26,"column":62}},"type":"binary-expr","locations":[{"start":{"line":26,"column":35},"end":{"line":26,"column":45}},{"start":{"line":26,"column":49},"end":{"line":26,"column":62}}],"line":26},"3":{"loc":{"start":{"line":39,"column":8},"end":{"line":42,"column":9}},"type":"if","locations":[{"start":{"line":39,"column":8},"end":{"line":42,"column":9}},{"start":{},"end":{}}],"line":39},"4":{"loc":{"start":{"line":39,"column":11},"end":{"line":39,"column":37}},"type":"binary-expr","locations":[{"start":{"line":39,"column":11},"end":{"line":39,"column":15}},{"start":{"line":39,"column":19},"end":{"line":39,"column":27}},{"start":{"line":39,"column":31},"end":{"line":39,"column":37}}],"line":39},"5":{"loc":{"start":{"line":60,"column":8},"end":{"line":79,"column":9}},"type":"if","locations":[{"start":{"line":60,"column":8},"end":{"line":79,"column":9}},{"start":{"line":63,"column":15},"end":{"line":79,"column":9}}],"line":60},"6":{"loc":{"start":{"line":69,"column":22},"end":{"line":69,"column":41}},"type":"binary-expr","locations":[{"start":{"line":69,"column":22},"end":{"line":69,"column":26}},{"start":{"line":69,"column":30},"end":{"line":69,"column":41}}],"line":69},"7":{"loc":{"start":{"line":70,"column":25},"end":{"line":70,"column":50}},"type":"binary-expr","locations":[{"start":{"line":70,"column":25},"end":{"line":70,"column":32}},{"start":{"line":70,"column":36},"end":{"line":70,"column":50}}],"line":70},"8":{"loc":{"start":{"line":71,"column":21},"end":{"line":71,"column":38}},"type":"binary-expr","locations":[{"start":{"line":71,"column":21},"end":{"line":71,"column":24}},{"start":{"line":71,"column":28},"end":{"line":71,"column":38}}],"line":71},"9":{"loc":{"start":{"line":72,"column":25},"end":{"line":72,"column":50}},"type":"binary-expr","locations":[{"start":{"line":72,"column":25},"end":{"line":72,"column":32}},{"start":{"line":72,"column":36},"end":{"line":72,"column":50}}],"line":72},"10":{"loc":{"start":{"line":92,"column":8},"end":{"line":99,"column":9}},"type":"if","locations":[{"start":{"line":92,"column":8},"end":{"line":99,"column":9}},{"start":{"line":95,"column":15},"end":{"line":99,"column":9}}],"line":92}},"s":{"0":1,"1":1,"2":1,"3":1,"4":1,"5":1,"6":0,"7":1,"8":1,"9":1,"10":1,"11":0,"12":0,"13":1,"14":1,"15":0,"16":1,"17":1,"18":1,"19":1,"20":0,"21":0,"22":1,"23":1,"24":1,"25":1,"26":0,"27":1,"28":1,"29":1,"30":0,"31":0,"32":1,"33":1,"34":1,"35":1,"36":1,"37":1,"38":0,"39":0,"40":0,"41":0,"42":0,"43":0,"44":0,"45":0,"46":0,"47":0,"48":1},"f":{"0":1,"1":1,"2":1,"3":1,"4":0},"b":{"0":[0,1],"1":[1,0],"2":[1,0],"3":[0,1],"4":[1,1,1],"5":[0,1],"6":[1,0],"7":[1,0],"8":[1,0],"9":[1,0],"10":[0,0]},"_coverageSchema":"1a1c01bbd47fc00a2c39e90264f33305004495a9","hash":"34c164f2af41a1aedaa4bc1bdd7341d243d506a9"}
,"/home/maksim/simple-crud-api/data/person.js": {"path":"/home/maksim/simple-crud-api/data/person.js","statementMap":{"0":{"start":{"line":1,"column":16},"end":{"line":1,"column":18}},"1":{"start":{"line":3,"column":0},"end":{"line":3,"column":25}}},"fnMap":{},"branchMap":{},"s":{"0":1,"1":1},"f":{},"b":{},"_coverageSchema":"1a1c01bbd47fc00a2c39e90264f33305004495a9","hash":"c7d62720dab42dfdf661b8e06c21b042eef2a16a"}
,"/home/maksim/simple-crud-api/models/personModel.js": {"path":"/home/maksim/simple-crud-api/models/personModel.js","statementMap":{"0":{"start":{"line":1,"column":13},"end":{"line":1,"column":28}},"1":{"start":{"line":3,"column":14},"end":{"line":3,"column":39}},"2":{"start":{"line":5,"column":28},"end":{"line":5,"column":47}},"3":{"start":{"line":7,"column":21},"end":{"line":7,"column":42}},"4":{"start":{"line":10,"column":4},"end":{"line":12,"column":6}},"5":{"start":{"line":11,"column":8},"end":{"line":11,"column":24}},"6":{"start":{"line":16,"column":4},"end":{"line":19,"column":6}},"7":{"start":{"line":17,"column":24},"end":{"line":17,"column":56}},"8":{"start":{"line":17,"column":44},"end":{"line":17,"column":55}},"9":{"start":{"line":18,"column":8},"end":{"line":18,"column":24}},"10":{"start":{"line":23,"column":4},"end":{"line":26,"column":6}},"11":{"start":{"line":24,"column":24},"end":{"line":24,"column":35}},"12":{"start":{"line":25,"column":8},"end":{"line":25,"column":24}},"13":{"start":{"line":30,"column":4},"end":{"line":37,"column":6}},"14":{"start":{"line":31,"column":27},"end":{"line":31,"column":54}},"15":{"start":{"line":32,"column":8},"end":{"line":32,"column":32}},"16":{"start":{"line":33,"column":8},"end":{"line":35,"column":9}},"17":{"start":{"line":34,"column":12},"end":{"line":34,"column":51}},"18":{"start":{"line":36,"column":8},"end":{"line":36,"column":27}},"19":{"start":{"line":41,"column":4},"end":{"line":48,"column":6}},"20":{"start":{"line":42,"column":22},"end":{"line":42,"column":59}},"21":{"start":{"line":42,"column":47},"end":{"line":42,"column":58}},"22":{"start":{"line":43,"column":8},"end":{"line":43,"column":41}},"23":{"start":{"line":44,"column":8},"end":{"line":46,"column":9}},"24":{"start":{"line":45,"column":12},"end":{"line":45,"column":51}},"25":{"start":{"line":47,"column":8},"end":{"line":47,"column":31}},"26":{"start":{"line":52,"column":4},"end":{"line":58,"column":6}},"27":{"start":{"line":53,"column":8},"end":{"line":53,"column":52}},"28":{"start":{"line":53,"column":40},"end":{"line":53,"column":51}},"29":{"start":{"line":54,"column":8},"end":{"line":56,"column":9}},"30":{"start":{"line":55,"column":12},"end":{"line":55,"column":51}},"31":{"start":{"line":57,"column":8},"end":{"line":57,"column":17}},"32":{"start":{"line":61,"column":0},"end":{"line":68,"column":1}}},"fnMap":{"0":{"name":"findAll","decl":{"start":{"line":9,"column":9},"end":{"line":9,"column":16}},"loc":{"start":{"line":9,"column":19},"end":{"line":13,"column":1}},"line":9},"1":{"name":"(anonymous_1)","decl":{"start":{"line":10,"column":23},"end":{"line":10,"column":24}},"loc":{"start":{"line":10,"column":44},"end":{"line":12,"column":5}},"line":10},"2":{"name":"findById","decl":{"start":{"line":15,"column":9},"end":{"line":15,"column":17}},"loc":{"start":{"line":15,"column":22},"end":{"line":20,"column":1}},"line":15},"3":{"name":"(anonymous_3)","decl":{"start":{"line":16,"column":23},"end":{"line":16,"column":24}},"loc":{"start":{"line":16,"column":44},"end":{"line":19,"column":5}},"line":16},"4":{"name":"(anonymous_4)","decl":{"start":{"line":17,"column":37},"end":{"line":17,"column":38}},"loc":{"start":{"line":17,"column":44},"end":{"line":17,"column":55}},"line":17},"5":{"name":"findByIndex","decl":{"start":{"line":22,"column":9},"end":{"line":22,"column":20}},"loc":{"start":{"line":22,"column":25},"end":{"line":27,"column":1}},"line":22},"6":{"name":"(anonymous_6)","decl":{"start":{"line":23,"column":23},"end":{"line":23,"column":24}},"loc":{"start":{"line":23,"column":44},"end":{"line":26,"column":5}},"line":23},"7":{"name":"create","decl":{"start":{"line":29,"column":9},"end":{"line":29,"column":15}},"loc":{"start":{"line":29,"column":25},"end":{"line":38,"column":1}},"line":29},"8":{"name":"(anonymous_8)","decl":{"start":{"line":30,"column":23},"end":{"line":30,"column":24}},"loc":{"start":{"line":30,"column":44},"end":{"line":37,"column":5}},"line":30},"9":{"name":"update","decl":{"start":{"line":40,"column":9},"end":{"line":40,"column":15}},"loc":{"start":{"line":40,"column":29},"end":{"line":49,"column":1}},"line":40},"10":{"name":"(anonymous_10)","decl":{"start":{"line":41,"column":23},"end":{"line":41,"column":24}},"loc":{"start":{"line":41,"column":44},"end":{"line":48,"column":5}},"line":41},"11":{"name":"(anonymous_11)","decl":{"start":{"line":42,"column":40},"end":{"line":42,"column":41}},"loc":{"start":{"line":42,"column":47},"end":{"line":42,"column":58}},"line":42},"12":{"name":"remove","decl":{"start":{"line":51,"column":9},"end":{"line":51,"column":15}},"loc":{"start":{"line":51,"column":20},"end":{"line":59,"column":1}},"line":51},"13":{"name":"(anonymous_13)","decl":{"start":{"line":52,"column":23},"end":{"line":52,"column":24}},"loc":{"start":{"line":52,"column":44},"end":{"line":58,"column":5}},"line":52},"14":{"name":"(anonymous_14)","decl":{"start":{"line":53,"column":33},"end":{"line":53,"column":34}},"loc":{"start":{"line":53,"column":40},"end":{"line":53,"column":51}},"line":53}},"branchMap":{"0":{"loc":{"start":{"line":33,"column":8},"end":{"line":35,"column":9}},"type":"if","locations":[{"start":{"line":33,"column":8},"end":{"line":35,"column":9}},{"start":{},"end":{}}],"line":33},"1":{"loc":{"start":{"line":44,"column":8},"end":{"line":46,"column":9}},"type":"if","locations":[{"start":{"line":44,"column":8},"end":{"line":46,"column":9}},{"start":{},"end":{}}],"line":44},"2":{"loc":{"start":{"line":54,"column":8},"end":{"line":56,"column":9}},"type":"if","locations":[{"start":{"line":54,"column":8},"end":{"line":56,"column":9}},{"start":{},"end":{}}],"line":54}},"s":{"0":1,"1":1,"2":1,"3":1,"4":1,"5":1,"6":2,"7":2,"8":2,"9":2,"10":1,"11":1,"12":1,"13":1,"14":1,"15":1,"16":1,"17":0,"18":1,"19":1,"20":1,"21":1,"22":1,"23":1,"24":0,"25":1,"26":0,"27":0,"28":0,"29":0,"30":0,"31":0,"32":1},"f":{"0":1,"1":1,"2":2,"3":2,"4":2,"5":1,"6":1,"7":1,"8":1,"9":1,"10":1,"11":1,"12":0,"13":0,"14":0},"b":{"0":[0,1],"1":[0,1],"2":[0,0]},"_coverageSchema":"1a1c01bbd47fc00a2c39e90264f33305004495a9","hash":"70fdf562c6ebfda39c8280f0a579139eaf258e56"}
}
