TN:
SF:app.js
FN:12,(anonymous_0)
FN:52,(anonymous_1)
FNF:2
FNH:2
FNDA:4,(anonymous_0)
FNDA:1,(anonymous_1)
DA:1,1
DA:8,1
DA:10,1
DA:12,1
DA:13,4
DA:15,4
DA:16,1
DA:17,3
DA:18,1
DA:19,1
DA:20,0
DA:21,0
DA:22,1
DA:23,2
DA:27,0
DA:28,0
DA:29,0
DA:30,0
DA:31,0
DA:32,2
DA:33,1
DA:34,1
DA:35,0
DA:36,0
DA:37,1
DA:38,1
DA:39,1
DA:41,0
DA:42,0
DA:45,0
DA:46,0
DA:50,1
DA:52,1
DA:53,1
DA:56,1
LF:35
LH:22
BRDA:15,0,0,1
BRDA:15,0,1,3
BRDA:15,1,0,4
BRDA:15,1,1,2
BRDA:17,2,0,1
BRDA:17,2,1,2
BRDA:17,3,0,3
BRDA:17,3,1,2
BRDA:19,4,0,0
BRDA:19,4,1,1
BRDA:23,5,0,0
BRDA:23,5,1,2
BRDA:24,6,0,2
BRDA:24,6,1,1
BRDA:28,7,0,0
BRDA:28,7,1,0
BRDA:32,8,0,1
BRDA:32,8,1,1
BRDA:32,9,0,2
BRDA:32,9,1,1
BRDA:34,10,0,0
BRDA:34,10,1,1
BRDA:38,11,0,1
BRDA:38,11,1,0
BRDA:38,12,0,1
BRDA:38,12,1,1
BRDA:50,13,0,1
BRDA:50,13,1,0
BRF:28
BRH:21
end_of_record
TN:
SF:utils.js
FN:3,writeDataToFile
FN:4,(anonymous_1)
FN:11,getPostData
FN:12,(anonymous_3)
FN:15,(anonymous_4)
FN:18,(anonymous_5)
FNF:6
FNH:4
FNDA:0,writeDataToFile
FNDA:0,(anonymous_1)
FNDA:2,getPostData
FNDA:2,(anonymous_3)
FNDA:2,(anonymous_4)
FNDA:2,(anonymous_5)
DA:1,1
DA:4,0
DA:5,0
DA:6,0
DA:12,2
DA:13,2
DA:14,2
DA:15,2
DA:16,2
DA:18,2
DA:19,2
DA:22,0
DA:27,1
LF:13
LH:9
BRDA:5,0,0,0
BRDA:5,0,1,0
BRF:2
BRH:0
end_of_record
TN:
SF:controllers/personController.js
FN:5,getPersons
FN:16,getPerson
FN:33,createPerson
FN:56,updatePerson
FN:88,deletePerson
FNF:5
FNH:4
FNDA:1,getPersons
FNDA:1,getPerson
FNDA:1,createPerson
FNDA:1,updatePerson
FNDA:0,deletePerson
DA:1,1
DA:3,1
DA:6,1
DA:7,1
DA:9,1
DA:10,1
DA:12,0
DA:17,1
DA:18,1
DA:19,1
DA:21,1
DA:22,0
DA:23,0
DA:25,1
DA:26,1
DA:29,0
DA:34,1
DA:35,1
DA:37,1
DA:39,1
DA:40,0
DA:41,0
DA:44,1
DA:46,1
DA:48,1
DA:49,1
DA:52,0
DA:57,1
DA:58,1
DA:60,1
DA:61,0
DA:62,0
DA:64,1
DA:66,1
DA:68,1
DA:75,1
DA:77,1
DA:78,1
DA:83,0
DA:89,0
DA:90,0
DA:92,0
DA:93,0
DA:94,0
DA:96,0
DA:97,0
DA:98,0
DA:101,0
DA:105,1
LF:49
LH:30
BRDA:21,0,0,0
BRDA:21,0,1,1
BRDA:21,1,0,1
BRDA:21,1,1,0
BRDA:26,2,0,1
BRDA:26,2,1,0
BRDA:39,3,0,0
BRDA:39,3,1,1
BRDA:39,4,0,1
BRDA:39,4,1,1
BRDA:39,4,2,1
BRDA:60,5,0,0
BRDA:60,5,1,1
BRDA:69,6,0,1
BRDA:69,6,1,0
BRDA:70,7,0,1
BRDA:70,7,1,0
BRDA:71,8,0,1
BRDA:71,8,1,0
BRDA:72,9,0,1
BRDA:72,9,1,0
BRDA:92,10,0,0
BRDA:92,10,1,0
BRF:23
BRH:12
end_of_record
TN:
SF:data/person.js
FNF:0
FNH:0
DA:1,1
DA:3,1
LF:2
LH:2
BRF:0
BRH:0
end_of_record
TN:
SF:models/personModel.js
FN:9,findAll
FN:10,(anonymous_1)
FN:15,findById
FN:16,(anonymous_3)
FN:17,(anonymous_4)
FN:22,findByIndex
FN:23,(anonymous_6)
FN:29,create
FN:30,(anonymous_8)
FN:40,update
FN:41,(anonymous_10)
FN:42,(anonymous_11)
FN:51,remove
FN:52,(anonymous_13)
FN:53,(anonymous_14)
FNF:15
FNH:12
FNDA:1,findAll
FNDA:1,(anonymous_1)
FNDA:2,findById
FNDA:2,(anonymous_3)
FNDA:2,(anonymous_4)
FNDA:1,findByIndex
FNDA:1,(anonymous_6)
FNDA:1,create
FNDA:1,(anonymous_8)
FNDA:1,update
FNDA:1,(anonymous_10)
FNDA:1,(anonymous_11)
FNDA:0,remove
FNDA:0,(anonymous_13)
FNDA:0,(anonymous_14)
DA:1,1
DA:3,1
DA:5,1
DA:7,1
DA:10,1
DA:11,1
DA:16,2
DA:17,2
DA:18,2
DA:23,1
DA:24,1
DA:25,1
DA:30,1
DA:31,1
DA:32,1
DA:33,1
DA:34,0
DA:36,1
DA:41,1
DA:42,1
DA:43,1
DA:44,1
DA:45,0
DA:47,1
DA:52,0
DA:53,0
DA:54,0
DA:55,0
DA:57,0
DA:61,1
LF:30
LH:23
BRDA:33,0,0,0
BRDA:33,0,1,1
BRDA:44,1,0,0
BRDA:44,1,1,1
BRDA:54,2,0,0
BRDA:54,2,1,0
BRF:6
BRH:2
end_of_record
