TN:
SF:app.js
FN:13,(anonymous_0)
FN:55,(anonymous_1)
FNF:2
FNH:2
FNDA:12,(anonymous_0)
FNDA:1,(anonymous_1)
DA:1,1
DA:2,1
DA:9,1
DA:11,1
DA:13,1
DA:14,12
DA:16,12
DA:17,2
DA:19,10
DA:20,2
DA:21,2
DA:22,1
DA:23,1
DA:24,1
DA:26,8
DA:30,4
DA:31,4
DA:32,1
DA:33,1
DA:34,3
DA:35,4
DA:36,1
DA:37,1
DA:38,1
DA:39,1
DA:40,0
DA:41,3
DA:42,3
DA:44,0
DA:45,0
DA:48,0
DA:49,0
DA:53,1
DA:55,1
DA:56,1
DA:59,1
LF:36
LH:31
BRDA:16,0,0,2
BRDA:16,0,1,10
BRDA:16,1,0,12
BRDA:16,1,1,5
BRDA:19,2,0,2
BRDA:19,2,1,8
BRDA:19,3,0,10
BRDA:19,3,1,7
BRDA:21,4,0,1
BRDA:21,4,1,1
BRDA:26,5,0,4
BRDA:26,5,1,4
BRDA:27,6,0,8
BRDA:27,6,1,5
BRDA:31,7,0,1
BRDA:31,7,1,3
BRDA:35,8,0,1
BRDA:35,8,1,3
BRDA:35,9,0,4
BRDA:35,9,1,1
BRDA:37,10,0,1
BRDA:37,10,1,0
BRDA:41,11,0,3
BRDA:41,11,1,0
BRDA:41,12,0,3
BRDA:41,12,1,3
BRDA:53,13,0,1
BRDA:53,13,1,0
BRF:28
BRH:25
end_of_record
TN:
SF:utils.js
FN:3,writeDataToFile
FN:4,(anonymous_1)
FN:11,getPostData
FN:12,(anonymous_3)
FN:15,(anonymous_4)
FN:18,(anonymous_5)
FNF:6
FNH:4
FNDA:0,writeDataToFile
FNDA:0,(anonymous_1)
FNDA:3,getPostData
FNDA:3,(anonymous_3)
FNDA:3,(anonymous_4)
FNDA:3,(anonymous_5)
DA:1,1
DA:4,0
DA:5,0
DA:6,0
DA:12,3
DA:13,3
DA:14,3
DA:15,3
DA:16,3
DA:18,3
DA:19,3
DA:22,0
DA:27,1
LF:13
LH:9
BRDA:5,0,0,0
BRDA:5,0,1,0
BRF:2
BRH:0
end_of_record
TN:
SF:controllers/personController.js
FN:5,getPersons
FN:16,getPerson
FN:33,createPerson
FN:64,updatePerson
FN:105,deletePerson
FNF:5
FNH:4
FNDA:2,getPersons
FNDA:1,getPerson
FNDA:3,createPerson
FNDA:0,updatePerson
FNDA:3,deletePerson
DA:1,1
DA:3,1
DA:6,2
DA:7,2
DA:9,2
DA:10,2
DA:12,0
DA:17,1
DA:18,1
DA:19,1
DA:21,1
DA:22,0
DA:23,0
DA:25,1
DA:26,1
DA:29,0
DA:34,3
DA:35,3
DA:36,3
DA:37,3
DA:40,0
DA:41,0
DA:42,0
DA:45,3
DA:47,3
DA:48,0
DA:49,0
DA:52,3
DA:54,3
DA:56,3
DA:57,3
DA:60,0
DA:65,0
DA:66,0
DA:68,0
DA:69,0
DA:70,0
DA:72,0
DA:73,0
DA:74,0
DA:77,0
DA:78,0
DA:79,0
DA:82,0
DA:84,0
DA:92,0
DA:94,0
DA:95,0
DA:100,0
DA:106,3
DA:107,3
DA:109,3
DA:110,0
DA:111,0
DA:113,3
DA:114,3
DA:115,3
DA:118,0
DA:122,1
LF:59
LH:29
BRDA:21,0,0,0
BRDA:21,0,1,1
BRDA:21,1,0,1
BRDA:21,1,1,0
BRDA:26,2,0,1
BRDA:26,2,1,0
BRDA:47,3,0,0
BRDA:47,3,1,3
BRDA:47,4,0,3
BRDA:47,4,1,3
BRDA:47,4,2,3
BRDA:68,5,0,0
BRDA:68,5,1,0
BRDA:85,6,0,0
BRDA:85,6,1,0
BRDA:86,7,0,0
BRDA:86,7,1,0
BRDA:87,8,0,0
BRDA:87,8,1,0
BRDA:88,9,0,0
BRDA:88,9,1,0
BRDA:89,10,0,0
BRDA:89,10,1,0
BRDA:109,11,0,0
BRDA:109,11,1,3
BRF:25
BRH:8
end_of_record
TN:
SF:data/person.js
FNF:0
FNH:0
DA:1,1
DA:3,1
LF:2
LH:2
BRF:0
BRH:0
end_of_record
TN:
SF:models/personModel.js
FN:9,findAll
FN:10,(anonymous_1)
FN:15,findById
FN:16,(anonymous_3)
FN:17,(anonymous_4)
FN:22,findByIndex
FN:23,(anonymous_6)
FN:29,create
FN:30,(anonymous_8)
FN:40,update
FN:41,(anonymous_10)
FN:42,(anonymous_11)
FN:51,remove
FN:52,(anonymous_13)
FN:53,(anonymous_14)
FNF:15
FNH:12
FNDA:2,findAll
FNDA:2,(anonymous_1)
FNDA:4,findById
FNDA:4,(anonymous_3)
FNDA:4,(anonymous_4)
FNDA:1,findByIndex
FNDA:1,(anonymous_6)
FNDA:3,create
FNDA:3,(anonymous_8)
FNDA:0,update
FNDA:0,(anonymous_10)
FNDA:0,(anonymous_11)
FNDA:3,remove
FNDA:3,(anonymous_13)
FNDA:4,(anonymous_14)
DA:1,1
DA:3,1
DA:5,1
DA:7,1
DA:10,2
DA:11,2
DA:16,4
DA:17,4
DA:18,4
DA:23,1
DA:24,1
DA:25,1
DA:30,3
DA:31,3
DA:32,3
DA:33,3
DA:34,0
DA:36,3
DA:41,0
DA:42,0
DA:43,0
DA:44,0
DA:45,0
DA:47,0
DA:52,3
DA:53,4
DA:54,3
DA:55,0
DA:57,3
DA:61,1
LF:30
LH:22
BRDA:33,0,0,0
BRDA:33,0,1,3
BRDA:44,1,0,0
BRDA:44,1,1,0
BRDA:54,2,0,0
BRDA:54,2,1,3
BRF:6
BRH:2
end_of_record
